GAS LISTING C:\Users\jisu8\AppData\Local\Temp\ccvVWTUT.s 			page 1


   1              		.file	"PDFBarcodeValue.c"
   2              		.text
   3              	Ltext0:
   4              		.globl	_setValue
   6              	_setValue:
   7              	LFB0:
   8              		.file 1 "src/pdf417/PDFBarcodeValue.c"
   1:src/pdf417/PDFBarcodeValue.c **** 
   2:src/pdf417/PDFBarcodeValue.c **** #include "PDFBarcodeValue.h"
   3:src/pdf417/PDFBarcodeValue.c **** 
   4:src/pdf417/PDFBarcodeValue.c **** /**
   5:src/pdf417/PDFBarcodeValue.c **** * Add an occurrence of a value
   6:src/pdf417/PDFBarcodeValue.c **** */
   7:src/pdf417/PDFBarcodeValue.c **** void setValue(int value)
   8:src/pdf417/PDFBarcodeValue.c **** {
   9              		.loc 1 8 1
  10              		.cfi_startproc
   9:src/pdf417/PDFBarcodeValue.c **** 	//_values[value] += 1;
  10:src/pdf417/PDFBarcodeValue.c **** }
  11              		.loc 1 10 1
  12 0000 90       		nop
  13 0001 C3       		ret
  14              		.cfi_endproc
  15              	LFE0:
  16              	Letext0:
  17 0002 9090     		.section	.debug_info,"dr"
  18              	Ldebug_info0:
  19 0000 C8000000 		.long	0xc8
  20 0004 0200     		.word	0x2
  21 0006 00000000 		.secrel32	Ldebug_abbrev0
  22 000a 04       		.byte	0x4
  23 000b 01       		.uleb128 0x1
  24 000c 474E5520 		.ascii "GNU C17 8.1.0 -mtune=generic -march=i686 -g -gdwarf-2 -O0\0"
  24      43313720 
  24      382E312E 
  24      30202D6D 
  24      74756E65 
  25 0046 0C       		.byte	0xc
  26 0047 7372632F 		.ascii "src/pdf417/PDFBarcodeValue.c\0"
  26      70646634 
  26      31372F50 
  26      44464261 
  26      72636F64 
  27 0064 443A5C31 		.ascii "D:\\1.Project_workspace\\PDF_BARCODE\0"
  27      2E50726F 
  27      6A656374 
  27      5F776F72 
  27      6B737061 
  28 0087 00000000 		.long	Ltext0
  29 008b 02000000 		.long	Letext0
  30 008f 00000000 		.secrel32	Ldebug_line0
  31 0093 02       		.uleb128 0x2
  32 0094 01       		.byte	0x1
  33 0095 73657456 		.ascii "setValue\0"
  33      616C7565 
  33      00
  34 009e 01       		.byte	0x1
GAS LISTING C:\Users\jisu8\AppData\Local\Temp\ccvVWTUT.s 			page 2


  35 009f 07       		.byte	0x7
  36 00a0 06       		.byte	0x6
  37 00a1 01       		.byte	0x1
  38 00a2 00000000 		.long	LFB0
  39 00a6 02000000 		.long	LFE0
  40 00aa 02       		.byte	0x2
  41 00ab 74       		.byte	0x74
  42 00ac 04       		.sleb128 4
  43 00ad 01       		.byte	0x1
  44 00ae C4000000 		.long	0xc4
  45 00b2 03       		.uleb128 0x3
  46 00b3 76616C75 		.ascii "value\0"
  46      6500
  47 00b9 01       		.byte	0x1
  48 00ba 07       		.byte	0x7
  49 00bb 13       		.byte	0x13
  50 00bc C4000000 		.long	0xc4
  51 00c0 02       		.byte	0x2
  52 00c1 91       		.byte	0x91
  53 00c2 00       		.sleb128 0
  54 00c3 00       		.byte	0
  55 00c4 04       		.uleb128 0x4
  56 00c5 04       		.byte	0x4
  57 00c6 05       		.byte	0x5
  58 00c7 696E7400 		.ascii "int\0"
  59 00cb 00       		.byte	0
  60              		.section	.debug_abbrev,"dr"
  61              	Ldebug_abbrev0:
  62 0000 01       		.uleb128 0x1
  63 0001 11       		.uleb128 0x11
  64 0002 01       		.byte	0x1
  65 0003 25       		.uleb128 0x25
  66 0004 08       		.uleb128 0x8
  67 0005 13       		.uleb128 0x13
  68 0006 0B       		.uleb128 0xb
  69 0007 03       		.uleb128 0x3
  70 0008 08       		.uleb128 0x8
  71 0009 1B       		.uleb128 0x1b
  72 000a 08       		.uleb128 0x8
  73 000b 11       		.uleb128 0x11
  74 000c 01       		.uleb128 0x1
  75 000d 12       		.uleb128 0x12
  76 000e 01       		.uleb128 0x1
  77 000f 10       		.uleb128 0x10
  78 0010 06       		.uleb128 0x6
  79 0011 00       		.byte	0
  80 0012 00       		.byte	0
  81 0013 02       		.uleb128 0x2
  82 0014 2E       		.uleb128 0x2e
  83 0015 01       		.byte	0x1
  84 0016 3F       		.uleb128 0x3f
  85 0017 0C       		.uleb128 0xc
  86 0018 03       		.uleb128 0x3
  87 0019 08       		.uleb128 0x8
  88 001a 3A       		.uleb128 0x3a
  89 001b 0B       		.uleb128 0xb
  90 001c 3B       		.uleb128 0x3b
GAS LISTING C:\Users\jisu8\AppData\Local\Temp\ccvVWTUT.s 			page 3


  91 001d 0B       		.uleb128 0xb
  92 001e 39       		.uleb128 0x39
  93 001f 0B       		.uleb128 0xb
  94 0020 27       		.uleb128 0x27
  95 0021 0C       		.uleb128 0xc
  96 0022 11       		.uleb128 0x11
  97 0023 01       		.uleb128 0x1
  98 0024 12       		.uleb128 0x12
  99 0025 01       		.uleb128 0x1
 100 0026 40       		.uleb128 0x40
 101 0027 0A       		.uleb128 0xa
 102 0028 9742     		.uleb128 0x2117
 103 002a 0C       		.uleb128 0xc
 104 002b 01       		.uleb128 0x1
 105 002c 13       		.uleb128 0x13
 106 002d 00       		.byte	0
 107 002e 00       		.byte	0
 108 002f 03       		.uleb128 0x3
 109 0030 05       		.uleb128 0x5
 110 0031 00       		.byte	0
 111 0032 03       		.uleb128 0x3
 112 0033 08       		.uleb128 0x8
 113 0034 3A       		.uleb128 0x3a
 114 0035 0B       		.uleb128 0xb
 115 0036 3B       		.uleb128 0x3b
 116 0037 0B       		.uleb128 0xb
 117 0038 39       		.uleb128 0x39
 118 0039 0B       		.uleb128 0xb
 119 003a 49       		.uleb128 0x49
 120 003b 13       		.uleb128 0x13
 121 003c 02       		.uleb128 0x2
 122 003d 0A       		.uleb128 0xa
 123 003e 00       		.byte	0
 124 003f 00       		.byte	0
 125 0040 04       		.uleb128 0x4
 126 0041 24       		.uleb128 0x24
 127 0042 00       		.byte	0
 128 0043 0B       		.uleb128 0xb
 129 0044 0B       		.uleb128 0xb
 130 0045 3E       		.uleb128 0x3e
 131 0046 0B       		.uleb128 0xb
 132 0047 03       		.uleb128 0x3
 133 0048 08       		.uleb128 0x8
 134 0049 00       		.byte	0
 135 004a 00       		.byte	0
 136 004b 00       		.byte	0
 137              		.section	.debug_aranges,"dr"
 138 0000 1C000000 		.long	0x1c
 139 0004 0200     		.word	0x2
 140 0006 00000000 		.secrel32	Ldebug_info0
 141 000a 04       		.byte	0x4
 142 000b 00       		.byte	0
 143 000c 0000     		.word	0
 144 000e 0000     		.word	0
 145 0010 00000000 		.long	Ltext0
 146 0014 02000000 		.long	Letext0-Ltext0
 147 0018 00000000 		.long	0
GAS LISTING C:\Users\jisu8\AppData\Local\Temp\ccvVWTUT.s 			page 4


 148 001c 00000000 		.long	0
 149              		.section	.debug_line,"dr"
 150              	Ldebug_line0:
 151 0000 49000000 		.section	.debug_str,"dr"
 151      02003300 
 151      00000101 
 151      FB0E0D00 
 151      01010101 
 152              		.ident	"GCC: (i686-posix-dwarf-rev0, Built by MinGW-W64 project) 8.1.0"
GAS LISTING C:\Users\jisu8\AppData\Local\Temp\ccvVWTUT.s 			page 5


DEFINED SYMBOLS
                            *ABS*:00000000 PDFBarcodeValue.c
C:\Users\jisu8\AppData\Local\Temp\ccvVWTUT.s:6      .text:00000000 _setValue

NO UNDEFINED SYMBOLS
