GAS LISTING C:\Users\jisu8\AppData\Local\Temp\cc5FIF2o.s 			page 1


   1              		.file	"PDFDetectionResult.c"
   2              		.text
   3              	Ltext0:
   4              	Letext0:
   5              		.file 1 "src/pdf417/PDFCodewordDecoder.h"
   6              		.section	.debug_info,"dr"
   7              	Ldebug_info0:
   8 0000 9A010000 		.long	0x19a
   9 0004 0200     		.word	0x2
  10 0006 00000000 		.secrel32	Ldebug_abbrev0
  11 000a 04       		.byte	0x4
  12 000b 01       		.uleb128 0x1
  13 000c 474E5520 		.ascii "GNU C17 8.1.0 -mtune=generic -march=i686 -g -gdwarf-2 -O0\0"
  13      43313720 
  13      382E312E 
  13      30202D6D 
  13      74756E65 
  14 0046 0C       		.byte	0xc
  15 0047 7372632F 		.ascii "src/pdf417/PDFDetectionResult.c\0"
  15      70646634 
  15      31372F50 
  15      44464465 
  15      74656374 
  16 0067 443A5C31 		.ascii "D:\\1.Project_workspace\\PDF_BARCODE\0"
  16      2E50726F 
  16      6A656374 
  16      5F776F72 
  16      6B737061 
  17 008a 00000000 		.secrel32	Ldebug_line0
  18 008e 02       		.uleb128 0x2
  19 008f 04       		.byte	0x4
  20 0090 05       		.byte	0x5
  21 0091 696E7400 		.ascii "int\0"
  22 0095 03       		.uleb128 0x3
  23 0096 8E000000 		.long	0x8e
  24 009a 02       		.uleb128 0x2
  25 009b 01       		.byte	0x1
  26 009c 06       		.byte	0x6
  27 009d 63686172 		.ascii "char\0"
  27      00
  28 00a2 02       		.uleb128 0x2
  29 00a3 04       		.byte	0x4
  30 00a4 07       		.byte	0x7
  31 00a5 756E7369 		.ascii "unsigned int\0"
  31      676E6564 
  31      20696E74 
  31      00
  32 00b2 02       		.uleb128 0x2
  33 00b3 02       		.byte	0x2
  34 00b4 07       		.byte	0x7
  35 00b5 73686F72 		.ascii "short unsigned int\0"
  35      7420756E 
  35      7369676E 
  35      65642069 
  35      6E7400
  36 00c8 02       		.uleb128 0x2
  37 00c9 04       		.byte	0x4
GAS LISTING C:\Users\jisu8\AppData\Local\Temp\cc5FIF2o.s 			page 2


  38 00ca 05       		.byte	0x5
  39 00cb 6C6F6E67 		.ascii "long int\0"
  39      20696E74 
  39      00
  40 00d4 02       		.uleb128 0x2
  41 00d5 08       		.byte	0x8
  42 00d6 05       		.byte	0x5
  43 00d7 6C6F6E67 		.ascii "long long int\0"
  43      206C6F6E 
  43      6720696E 
  43      7400
  44 00e5 02       		.uleb128 0x2
  45 00e6 04       		.byte	0x4
  46 00e7 07       		.byte	0x7
  47 00e8 6C6F6E67 		.ascii "long unsigned int\0"
  47      20756E73 
  47      69676E65 
  47      6420696E 
  47      7400
  48 00fa 02       		.uleb128 0x2
  49 00fb 01       		.byte	0x1
  50 00fc 08       		.byte	0x8
  51 00fd 756E7369 		.ascii "unsigned char\0"
  51      676E6564 
  51      20636861 
  51      7200
  52 010b 02       		.uleb128 0x2
  53 010c 0C       		.byte	0xc
  54 010d 04       		.byte	0x4
  55 010e 6C6F6E67 		.ascii "long double\0"
  55      20646F75 
  55      626C6500 
  56 011a 02       		.uleb128 0x2
  57 011b 10       		.byte	0x10
  58 011c 04       		.byte	0x4
  59 011d 5F466C6F 		.ascii "_Float128\0"
  59      61743132 
  59      3800
  60 0127 02       		.uleb128 0x2
  61 0128 01       		.byte	0x1
  62 0129 06       		.byte	0x6
  63 012a 7369676E 		.ascii "signed char\0"
  63      65642063 
  63      68617200 
  64 0136 02       		.uleb128 0x2
  65 0137 02       		.byte	0x2
  66 0138 05       		.byte	0x5
  67 0139 73686F72 		.ascii "short int\0"
  67      7420696E 
  67      7400
  68 0143 02       		.uleb128 0x2
  69 0144 08       		.byte	0x8
  70 0145 07       		.byte	0x7
  71 0146 6C6F6E67 		.ascii "long long unsigned int\0"
  71      206C6F6E 
  71      6720756E 
  71      7369676E 
GAS LISTING C:\Users\jisu8\AppData\Local\Temp\cc5FIF2o.s 			page 3


  71      65642069 
  72 015d 02       		.uleb128 0x2
  73 015e 04       		.byte	0x4
  74 015f 04       		.byte	0x4
  75 0160 666C6F61 		.ascii "float\0"
  75      7400
  76 0166 04       		.uleb128 0x4
  77 0167 4D4F4455 		.ascii "MODULES_IN_CODEWORD\0"
  77      4C45535F 
  77      494E5F43 
  77      4F444557 
  77      4F524400 
  78 017b 01       		.byte	0x1
  79 017c 1D       		.byte	0x1d
  80 017d 12       		.byte	0x12
  81 017e 95000000 		.long	0x95
  82 0182 01       		.byte	0x1
  83 0183 01       		.byte	0x1
  84 0184 04       		.uleb128 0x4
  85 0185 42415253 		.ascii "BARS_IN_MODULE\0"
  85      5F494E5F 
  85      4D4F4455 
  85      4C4500
  86 0194 01       		.byte	0x1
  87 0195 1E       		.byte	0x1e
  88 0196 12       		.byte	0x12
  89 0197 95000000 		.long	0x95
  90 019b 01       		.byte	0x1
  91 019c 01       		.byte	0x1
  92 019d 00       		.byte	0
  93              		.section	.debug_abbrev,"dr"
  94              	Ldebug_abbrev0:
  95 0000 01       		.uleb128 0x1
  96 0001 11       		.uleb128 0x11
  97 0002 01       		.byte	0x1
  98 0003 25       		.uleb128 0x25
  99 0004 08       		.uleb128 0x8
 100 0005 13       		.uleb128 0x13
 101 0006 0B       		.uleb128 0xb
 102 0007 03       		.uleb128 0x3
 103 0008 08       		.uleb128 0x8
 104 0009 1B       		.uleb128 0x1b
 105 000a 08       		.uleb128 0x8
 106 000b 10       		.uleb128 0x10
 107 000c 06       		.uleb128 0x6
 108 000d 00       		.byte	0
 109 000e 00       		.byte	0
 110 000f 02       		.uleb128 0x2
 111 0010 24       		.uleb128 0x24
 112 0011 00       		.byte	0
 113 0012 0B       		.uleb128 0xb
 114 0013 0B       		.uleb128 0xb
 115 0014 3E       		.uleb128 0x3e
 116 0015 0B       		.uleb128 0xb
 117 0016 03       		.uleb128 0x3
 118 0017 08       		.uleb128 0x8
 119 0018 00       		.byte	0
GAS LISTING C:\Users\jisu8\AppData\Local\Temp\cc5FIF2o.s 			page 4


 120 0019 00       		.byte	0
 121 001a 03       		.uleb128 0x3
 122 001b 26       		.uleb128 0x26
 123 001c 00       		.byte	0
 124 001d 49       		.uleb128 0x49
 125 001e 13       		.uleb128 0x13
 126 001f 00       		.byte	0
 127 0020 00       		.byte	0
 128 0021 04       		.uleb128 0x4
 129 0022 34       		.uleb128 0x34
 130 0023 00       		.byte	0
 131 0024 03       		.uleb128 0x3
 132 0025 08       		.uleb128 0x8
 133 0026 3A       		.uleb128 0x3a
 134 0027 0B       		.uleb128 0xb
 135 0028 3B       		.uleb128 0x3b
 136 0029 0B       		.uleb128 0xb
 137 002a 39       		.uleb128 0x39
 138 002b 0B       		.uleb128 0xb
 139 002c 49       		.uleb128 0x49
 140 002d 13       		.uleb128 0x13
 141 002e 3F       		.uleb128 0x3f
 142 002f 0C       		.uleb128 0xc
 143 0030 3C       		.uleb128 0x3c
 144 0031 0C       		.uleb128 0xc
 145 0032 00       		.byte	0
 146 0033 00       		.byte	0
 147 0034 00       		.byte	0
 148              		.section	.debug_aranges,"dr"
 149 0000 14000000 		.long	0x14
 150 0004 0200     		.word	0x2
 151 0006 00000000 		.secrel32	Ldebug_info0
 152 000a 04       		.byte	0x4
 153 000b 00       		.byte	0
 154 000c 0000     		.word	0
 155 000e 0000     		.word	0
 156 0010 00000000 		.long	0
 157 0014 00000000 		.long	0
 158              		.section	.debug_line,"dr"
 159              	Ldebug_line0:
 160 0000 3C000000 		.section	.debug_str,"dr"
 160      02003600 
 160      00000101 
 160      FB0E0D00 
 160      01010101 
 161              		.ident	"GCC: (i686-posix-dwarf-rev0, Built by MinGW-W64 project) 8.1.0"
GAS LISTING C:\Users\jisu8\AppData\Local\Temp\cc5FIF2o.s 			page 5


DEFINED SYMBOLS
                            *ABS*:00000000 PDFDetectionResult.c

NO UNDEFINED SYMBOLS
